Loaded module: cuda/11.8
Traceback (most recent call last):
  File "/dtu/projects/02613_2025/conda/miniconda3/envs/02613_2026/lib/python3.12/site-packages/cupy/cuda/compiler.py", line 731, in compile
    nvrtc.compileProgram(self.ptr, options)
  File "cupy_backends/cuda/libs/nvrtc.pyx", line 125, in cupy_backends.cuda.libs.nvrtc.compileProgram
  File "cupy_backends/cuda/libs/nvrtc.pyx", line 138, in cupy_backends.cuda.libs.nvrtc.compileProgram
  File "cupy_backends/cuda/libs/nvrtc.pyx", line 53, in cupy_backends.cuda.libs.nvrtc.check_status
cupy_backends.cuda.libs.nvrtc.NVRTCError: NVRTC_ERROR_INVALID_OPTION (5)

During handling of the above exception, another exception occurred:

Traceback (most recent call last):
  File "/zhome/21/8/223277/Desktop/PYHPC/Task9/9_cupy.py", line 28, in <module>
    u0, mask = load_data(LOAD_DIR, building_ids[0])
               ^^^^^^^^^^^^^^^^^^^^^^^^^^^^^^^^^^^^
  File "/zhome/21/8/223277/Desktop/PYHPC/Task9/9_cupy.py", line 18, in load_data
    u[1:-1, 1:-1] = cp.asarray(np.load(join(load_dir, f"{bid}_domain.npy")))
    ~^^^^^^^^^^^^
  File "cupy/_core/core.pyx", line 1694, in cupy._core.core._ndarray_base.__setitem__
  File "cupy/_core/_routines_indexing.pyx", line 51, in cupy._core._routines_indexing._ndarray_setitem
  File "cupy/_core/_routines_indexing.pyx", line 1027, in cupy._core._routines_indexing._scatter_op
  File "cupy/_core/_kernel.pyx", line 1374, in cupy._core._kernel.ufunc.__call__
  File "cupy/_core/_kernel.pyx", line 1401, in cupy._core._kernel.ufunc._get_ufunc_kernel
  File "cupy/_core/_kernel.pyx", line 1082, in cupy._core._kernel._get_ufunc_kernel
  File "cupy/_core/_kernel.pyx", line 94, in cupy._core._kernel._get_simple_elementwise_kernel
  File "cupy/_core/_kernel.pyx", line 82, in cupy._core._kernel._get_simple_elementwise_kernel_from_code
  File "cupy/_core/core.pyx", line 2377, in cupy._core.core.compile_with_cache
  File "/dtu/projects/02613_2025/conda/miniconda3/envs/02613_2026/lib/python3.12/site-packages/cupy/cuda/compiler.py", line 536, in _compile_module_with_cache
    return _compile_with_cache_cuda(
           ^^^^^^^^^^^^^^^^^^^^^^^^^
  File "/dtu/projects/02613_2025/conda/miniconda3/envs/02613_2026/lib/python3.12/site-packages/cupy/cuda/compiler.py", line 580, in _compile_with_cache_cuda
    base = _preprocess('', options, arch, backend)
           ^^^^^^^^^^^^^^^^^^^^^^^^^^^^^^^^^^^^^^^
  File "/dtu/projects/02613_2025/conda/miniconda3/envs/02613_2026/lib/python3.12/site-packages/cupy/cuda/compiler.py", line 473, in _preprocess
    result, _ = prog.compile(options)
                ^^^^^^^^^^^^^^^^^^^^^
  File "/dtu/projects/02613_2025/conda/miniconda3/envs/02613_2026/lib/python3.12/site-packages/cupy/cuda/compiler.py", line 750, in compile
    raise CompileException(log, self.src, self.name, options,
cupy.cuda.compiler.CompileException: nvrtc: error: invalid value for --gpu-architecture (-arch)

