Warming up GPU...

------------------------------------------------------------
Sender: LSF System <lsfadmin@hpc.dtu.dk>
Subject: Job 28307316: <cupy_bench> in cluster <dcc> Exited

Job <cupy_bench> was submitted from host <hpclogin1> by user <s253003> in cluster <dcc> at Mon Apr 27 17:57:08 2026
Job was executed on host(s) <n-62-20-5>, in queue <gpuv100>, as user <s253003> in cluster <dcc> at Mon Apr 27 17:57:09 2026
</zhome/21/8/223277> was used as the home directory.
</zhome/21/8/223277/Desktop/PYHPC> was used as the working directory.
Started at Mon Apr 27 17:57:09 2026
Terminated at Mon Apr 27 17:57:12 2026
Results reported at Mon Apr 27 17:57:12 2026

Your job looked like:

------------------------------------------------------------
# LSBATCH: User input
#!/bin/bash
#BSUB -J cupy_bench
#BSUB -q gpuv100
#BSUB -gpu "num=1:mode=shared"
#BSUB -W 15
#BSUB -o Task9/cupy_%J.out
#BSUB -e Task9/cupy_%J.err
#BSUB -n 1
#BSUB -R "rusage[mem=4096MB]"
#BSUB -R "span[hosts=1]"


#Unload system CUDA to avoid version conflict with CuPy's bundled CUDA 12
module purge

#Initialize python env
source /dtu/projects/02613_2025/conda/conda_init.sh
conda activate 02613_2026

#Run script
python -u Task9/9_cupy.py

------------------------------------------------------------

Exited with exit code 1.

Resource usage summary:

    CPU time :                                   1.39 sec.
    Max Memory :                                 -
    Average Memory :                             -
    Total Requested Memory :                     4096.00 MB
    Delta Memory :                               -
    Max Swap :                                   -
    Max Processes :                              -
    Max Threads :                                -
    Run time :                                   3 sec.
    Turnaround time :                            4 sec.

The output (if any) is above this job summary.



PS:

Read file <Task9/cupy_28307316.err> for stderr output of this job.

