No GPU on this node, CUDA module not loaded

------------------------------------------------------------
Sender: LSF System <lsfadmin@hpc.dtu.dk>
Subject: Job 28180247: <timing> in cluster <dcc> Exited

Job <timing> was submitted from host <n-62-27-21> by user <s257640> in cluster <dcc> at Fri Apr 10 12:08:18 2026
Job was executed on host(s) <n-62-11-60>, in queue <hpc>, as user <s257640> in cluster <dcc> at Fri Apr 10 12:08:19 2026
</zhome/b6/8/228751> was used as the home directory.
</zhome/b6/8/228751/py_hpc/mini_project/PYHPC> was used as the working directory.
Started at Fri Apr 10 12:08:19 2026
Terminated at Fri Apr 10 12:08:26 2026
Results reported at Fri Apr 10 12:08:26 2026

Your job looked like:

------------------------------------------------------------
# LSBATCH: User input
#!/bin/bash
#BSUB -J timing
#BSUB -q hpc
#BSUB -W 15
#BSUB -o output/timing_%J.out
#BSUB -e output/timing_%J.err
#BSUB -n 1
#BSUB -R "span[hosts=1]"
#BSUB -R "rusage[mem=4096MB]"
#BSUB -R "select[model==XeonGold6226R]"

#Initialize python env
source /dtu/projects/02613_2025/conda/conda_init.sh
conda activate 02613_2026

#Run script
python -u python/sim_timing.py 20
------------------------------------------------------------

Exited with exit code 2.

Resource usage summary:

    CPU time :                                   0.86 sec.
    Max Memory :                                 -
    Average Memory :                             -
    Total Requested Memory :                     4096.00 MB
    Delta Memory :                               -
    Max Swap :                                   -
    Max Processes :                              -
    Max Threads :                                -
    Run time :                                   7 sec.
    Turnaround time :                            8 sec.

The output (if any) is above this job summary.



PS:

Read file <output/timing_28180247.err> for stderr output of this job.

