Traceback (most recent call last):
  File "/zhome/21/8/223277/Desktop/PYHPC/python/5_simulate_parallel.py", line 79, in <module>
Process ForkPoolWorker-12:
Process ForkPoolWorker-20:
Process ForkPoolWorker-13:
Process ForkPoolWorker-5:
Process ForkPoolWorker-15:
Process ForkPoolWorker-2:
Process ForkPoolWorker-6:
Process ForkPoolWorker-18:
Process ForkPoolWorker-10:
Process ForkPoolWorker-4:
Process ForkPoolWorker-8:
Process ForkPoolWorker-16:
Process ForkPoolWorker-17:
Process ForkPoolWorker-9:
Process ForkPoolWorker-14:
Process ForkPoolWorker-7:
Process ForkPoolWorker-1:
Process ForkPoolWorker-19:
    parallel_results = pool.map(process_chunk, chunks)
               Process ForkPoolWorker-3:
        ^^^^^^^^^^^^^^^^^^^^^^^^^^^^^^^
  File "/dtu/projects/02613_2025/conda/miniconda3/envs/02613_2026/lib/python3.12/multiprocessing/pool.py", line 367, in map
Process ForkPoolWorker-11:
    return self._map_async(func, iterable, mapstar, chunksize).get()
           ^^^^^^^^^^^^^^^^^^^^^^^^^^^^^^^^^^^^^^^^^^^^^^^^^^^^^^^^^
  File "/dtu/projects/02613_2025/conda/miniconda3/envs/02613_2026/lib/python3.12/multiprocessing/pool.py", line 768, in get
    self.wait(timeout)
  File "/dtu/projects/02613_2025/conda/miniconda3/envs/02613_2026/lib/python3.12/multiprocessing/pool.py", line 765, in wait
    self._event.wait(timeout)
  File "/dtu/projects/02613_2025/conda/miniconda3/envs/02613_2026/lib/python3.12/threading.py", line 655, in wait
Traceback (most recent call last):
Traceback (most recent call last):
Traceback (most recent call last):
Traceback (most recent call last):
Traceback (most recent call last):
Traceback (most recent call last):
Traceback (most recent call last):
Traceback (most recent call last):
  File "/dtu/projects/02613_2025/conda/miniconda3/envs/02613_2026/lib/python3.12/multiprocessing/process.py", line 314, in _bootstrap
    self.run()
  File "/dtu/projects/02613_2025/conda/miniconda3/envs/02613_2026/lib/python3.12/multiprocessing/process.py", line 108, in run
    self._target(*self._args, **self._kwargs)
  File "/dtu/projects/02613_2025/conda/miniconda3/envs/02613_2026/lib/python3.12/multiprocessing/pool.py", line 125, in worker
    result = (True, func(*args, **kwds))
                    ^^^^^^^^^^^^^^^^^^^
  File "/dtu/projects/02613_2025/conda/miniconda3/envs/02613_2026/lib/python3.12/multiprocessing/pool.py", line 48, in mapstar
    return list(map(*args))
           ^^^^^^^^^^^^^^^^
  File "/zhome/21/8/223277/Desktop/PYHPC/python/5_simulate_parallel.py", line 52, in process_chunk
    u = jacobi(u0, interior_mask, MAX_ITER, ABS_TOL)
        ^^^^^^^^^^^^^^^^^^^^^^^^^^^^^^^^^^^^^^^^^^^^
  File "/zhome/21/8/223277/Desktop/PYHPC/python/5_simulate_parallel.py", line 24, in jacobi
    delta = np.abs(u[1:-1, 1:-1][interior_mask] - u_new_interior).max()
            ^^^^^^^^^^^^^^^^^^^^^^^^^^^^^^^^^^^^^^^^^^^^^^^^^^^^^
KeyboardInterrupt
Traceback (most recent call last):
  File "/dtu/projects/02613_2025/conda/miniconda3/envs/02613_2026/lib/python3.12/multiprocessing/process.py", line 314, in _bootstrap
    self.run()
  File "/dtu/projects/02613_2025/conda/miniconda3/envs/02613_2026/lib/python3.12/multiprocessing/process.py", line 314, in _bootstrap
    self.run()
  File "/dtu/projects/02613_2025/conda/miniconda3/envs/02613_2026/lib/python3.12/multiprocessing/process.py", line 314, in _bootstrap
    self.run()
  File "/dtu/projects/02613_2025/conda/miniconda3/envs/02613_2026/lib/python3.12/multiprocessing/process.py", line 108, in run
    self._target(*self._args, **self._kwargs)
  File "/dtu/projects/02613_2025/conda/miniconda3/envs/02613_2026/lib/python3.12/multiprocessing/process.py", line 108, in run
    self._target(*self._args, **self._kwargs)
  File "/dtu/projects/02613_2025/conda/miniconda3/envs/02613_2026/lib/python3.12/multiprocessing/process.py", line 108, in run
    self._target(*self._args, **self._kwargs)
  File "/dtu/projects/02613_2025/conda/miniconda3/envs/02613_2026/lib/python3.12/multiprocessing/process.py", line 314, in _bootstrap
    self.run()
  File "/dtu/projects/02613_2025/conda/miniconda3/envs/02613_2026/lib/python3.12/multiprocessing/pool.py", line 125, in worker
    result = (True, func(*args, **kwds))
                    ^^^^^^^^^^^^^^^^^^^
  File "/dtu/projects/02613_2025/conda/miniconda3/envs/02613_2026/lib/python3.12/multiprocessing/pool.py", line 125, in worker
    result = (True, func(*args, **kwds))
                    ^^^^^^^^^^^^^^^^^^^
  File "/dtu/projects/02613_2025/conda/miniconda3/envs/02613_2026/lib/python3.12/multiprocessing/pool.py", line 125, in worker
    result = (True, func(*args, **kwds))
                    ^^^^^^^^^^^^^^^^^^^
  File "/dtu/projects/02613_2025/conda/miniconda3/envs/02613_2026/lib/python3.12/multiprocessing/pool.py", line 48, in mapstar
    return list(map(*args))
           ^^^^^^^^^^^^^^^^
Traceback (most recent call last):
  File "/zhome/21/8/223277/Desktop/PYHPC/python/5_simulate_parallel.py", line 52, in process_chunk
    u = jacobi(u0, interior_mask, MAX_ITER, ABS_TOL)
        ^^^^^^^^^^^^^^^^^^^^^^^^^^^^^^^^^^^^^^^^^^^^
  File "/dtu/projects/02613_2025/conda/miniconda3/envs/02613_2026/lib/python3.12/multiprocessing/process.py", line 108, in run
    self._target(*self._args, **self._kwargs)
  File "/dtu/projects/02613_2025/conda/miniconda3/envs/02613_2026/lib/python3.12/multiprocessing/pool.py", line 48, in mapstar
    return list(map(*args))
           ^^^^^^^^^^^^^^^^
  File "/dtu/projects/02613_2025/conda/miniconda3/envs/02613_2026/lib/python3.12/multiprocessing/pool.py", line 48, in mapstar
    return list(map(*args))
           ^^^^^^^^^^^^^^^^
  File "/zhome/21/8/223277/Desktop/PYHPC/python/5_simulate_parallel.py", line 24, in jacobi
    delta = np.abs(u[1:-1, 1:-1][interior_mask] - u_new_interior).max()
            ^^^^^^^^^^^^^^^^^^^^^^^^^^^^^^^^^^^^^^^^^^^^^^^^^^^^^
  File "/dtu/projects/02613_2025/conda/miniconda3/envs/02613_2026/lib/python3.12/multiprocessing/pool.py", line 125, in worker
    result = (True, func(*args, **kwds))
                    ^^^^^^^^^^^^^^^^^^^
  File "/zhome/21/8/223277/Desktop/PYHPC/python/5_simulate_parallel.py", line 52, in process_chunk
    u = jacobi(u0, interior_mask, MAX_ITER, ABS_TOL)
        ^^^^^^^^^^^^^^^^^^^^^^^^^^^^^^^^^^^^^^^^^^^^
  File "/zhome/21/8/223277/Desktop/PYHPC/python/5_simulate_parallel.py", line 52, in process_chunk
    u = jacobi(u0, interior_mask, MAX_ITER, ABS_TOL)
        ^^^^^^^^^^^^^^^^^^^^^^^^^^^^^^^^^^^^^^^^^^^^
  File "/dtu/projects/02613_2025/conda/miniconda3/envs/02613_2026/lib/python3.12/multiprocessing/pool.py", line 48, in mapstar
    return list(map(*args))
           ^^^^^^^^^^^^^^^^
  File "/zhome/21/8/223277/Desktop/PYHPC/python/5_simulate_parallel.py", line 27, in jacobi
    if delta < atol:
       ^^^^^^^^^^^^
  File "/zhome/21/8/223277/Desktop/PYHPC/python/5_simulate_parallel.py", line 24, in jacobi
    delta = np.abs(u[1:-1, 1:-1][interior_mask] - u_new_interior).max()
            ^^^^^^^^^^^^^^^^^^^^^^^^^^^^^^^^^^^^^^^^^^^^^^^^^^^^^
  File "/zhome/21/8/223277/Desktop/PYHPC/python/5_simulate_parallel.py", line 52, in process_chunk
    u = jacobi(u0, interior_mask, MAX_ITER, ABS_TOL)
        ^^^^^^^^^^^^^^^^^^^^^^^^^^^^^^^^^^^^^^^^^^^^
  File "/zhome/21/8/223277/Desktop/PYHPC/python/5_simulate_parallel.py", line 24, in jacobi
    delta = np.abs(u[1:-1, 1:-1][interior_mask] - u_new_interior).max()
            ^^^^^^^^^^^^^^^^^^^^^^^^^^^^^^^^^^^^^^^^^^^^^^^^^^^^^
KeyboardInterrupt
KeyboardInterrupt
KeyboardInterrupt
KeyboardInterrupt
  File "/dtu/projects/02613_2025/conda/miniconda3/envs/02613_2026/lib/python3.12/multiprocessing/process.py", line 314, in _bootstrap
    self.run()
  File "/dtu/projects/02613_2025/conda/miniconda3/envs/02613_2026/lib/python3.12/multiprocessing/process.py", line 108, in run
    self._target(*self._args, **self._kwargs)
  File "/dtu/projects/02613_2025/conda/miniconda3/envs/02613_2026/lib/python3.12/multiprocessing/pool.py", line 125, in worker
    result = (True, func(*args, **kwds))
                    ^^^^^^^^^^^^^^^^^^^
  File "/dtu/projects/02613_2025/conda/miniconda3/envs/02613_2026/lib/python3.12/multiprocessing/pool.py", line 48, in mapstar
    return list(map(*args))
           ^^^^^^^^^^^^^^^^
  File "/zhome/21/8/223277/Desktop/PYHPC/python/5_simulate_parallel.py", line 52, in process_chunk
    u = jacobi(u0, interior_mask, MAX_ITER, ABS_TOL)
        ^^^^^^^^^^^^^^^^^^^^^^^^^^^^^^^^^^^^^^^^^^^^
  File "/zhome/21/8/223277/Desktop/PYHPC/python/5_simulate_parallel.py", line 27, in jacobi
    if delta < atol:
       ^^^^^^^^^^^^
KeyboardInterrupt
Traceback (most recent call last):
    signaled = self._cond.wait(timeout)
  File "/dtu/projects/02613_2025/conda/miniconda3/envs/02613_2026/lib/python3.12/multiprocessing/process.py", line 314, in _bootstrap
    self.run()
Traceback (most recent call last):
  File "/dtu/projects/02613_2025/conda/miniconda3/envs/02613_2026/lib/python3.12/multiprocessing/process.py", line 108, in run
    self._target(*self._args, **self._kwargs)
  File "/dtu/projects/02613_2025/conda/miniconda3/envs/02613_2026/lib/python3.12/multiprocessing/pool.py", line 125, in worker
    result = (True, func(*args, **kwds))
                    ^^^^^^^^^^^^^^^^^^^
  File "/dtu/projects/02613_2025/conda/miniconda3/envs/02613_2026/lib/python3.12/multiprocessing/pool.py", line 48, in mapstar
    return list(map(*args))
           ^^^^^^^^^^^^^^^^
    File "/zhome/21/8/223277/Desktop/PYHPC/python/5_simulate_parallel.py", line 52, in process_chunk
    u = jacobi(u0, interior_mask, MAX_ITER, ABS_TOL)
        ^^^^^^^^^^^^^^^^^^^^^^^^^^^^^^^^^^^^^^^^^^^^
 Traceback (most recent call last):
   File "/zhome/21/8/223277/Desktop/PYHPC/python/5_simulate_parallel.py", line 24, in jacobi
    delta = np.abs(u[1:-1, 1:-1][interior_mask] - u_new_interior).max()
            ^^^^^^^^^^^^^^^^^^^^^^^^^^^^^^^^^^^^^^^^^^^^^^^^^^^^^
      KeyboardInterrupt
     ^^^^^Traceback (most recent call last):
^  File "/dtu/projects/02613_2025/conda/miniconda3/envs/02613_2026/lib/python3.12/multiprocessing/process.py", line 314, in _bootstrap
    self.run()
^^^  File "/dtu/projects/02613_2025/conda/miniconda3/envs/02613_2026/lib/python3.12/multiprocessing/process.py", line 108, in run
    self._target(*self._args, **self._kwargs)
^^  File "/dtu/projects/02613_2025/conda/miniconda3/envs/02613_2026/lib/python3.12/multiprocessing/pool.py", line 125, in worker
    result = (True, func(*args, **kwds))
                    ^^^^^^^^^^^^^^^^^^^
^^  File "/dtu/projects/02613_2025/conda/miniconda3/envs/02613_2026/lib/python3.12/multiprocessing/pool.py", line 48, in mapstar
    return list(map(*args))
           ^^^^^^^^^^^^^^^^
^^  File "/zhome/21/8/223277/Desktop/PYHPC/python/5_simulate_parallel.py", line 52, in process_chunk
    u = jacobi(u0, interior_mask, MAX_ITER, ABS_TOL)
        ^^^^^^^^^^^^^^^^^^^^^^^^^^^^^^^^^^^^^^^^^^^^
^^  File "/zhome/21/8/223277/Desktop/PYHPC/python/5_simulate_parallel.py", line 24, in jacobi
    delta = np.abs(u[1:-1, 1:-1][interior_mask] - u_new_interior).max()
            ^^^^^^^^^^^^^^^^^^^^^^^^^^^^^^^^^^^^^^^^^^^^^^^^^^^^^
^^^^^^^KeyboardInterrupt

  File "/dtu/projects/02613_2025/conda/miniconda3/envs/02613_2026/lib/python3.12/multiprocessing/process.py", line 314, in _bootstrap
    self.run()
  File "/dtu/projects/02613_2025/conda/miniconda3/envs/02613_2026/lib/python3.12/multiprocessing/process.py", line 108, in run
    self._target(*self._args, **self._kwargs)
  File "/dtu/projects/02613_2025/conda/miniconda3/envs/02613_2026/lib/python3.12/threading.py", line 355, in wait
  File "/dtu/projects/02613_2025/conda/miniconda3/envs/02613_2026/lib/python3.12/multiprocessing/pool.py", line 125, in worker
    result = (True, func(*args, **kwds))
                    ^^^^^^^^^^^^^^^^^^^
  File "/dtu/projects/02613_2025/conda/miniconda3/envs/02613_2026/lib/python3.12/multiprocessing/pool.py", line 48, in mapstar
    return list(map(*args))
           ^^^^^^^^^^^^^^^^
  File "/zhome/21/8/223277/Desktop/PYHPC/python/5_simulate_parallel.py", line 52, in process_chunk
    u = jacobi(u0, interior_mask, MAX_ITER, ABS_TOL)
        ^^^^^^^^^^^^^^^^^^^^^^^^^^^^^^^^^^^^^^^^^^^^
  File "/zhome/21/8/223277/Desktop/PYHPC/python/5_simulate_parallel.py", line 24, in jacobi
    delta = np.abs(u[1:-1, 1:-1][interior_mask] - u_new_interior).max()
            ^^^^^^^^^^^^^^^^^^^^^^^^^^^^^^^^^^^^^^^^^^^^^^^^^^^^^
KeyboardInterrupt
  File "/dtu/projects/02613_2025/conda/miniconda3/envs/02613_2026/lib/python3.12/multiprocessing/process.py", line 314, in _bootstrap
    self.run()
  File "/dtu/projects/02613_2025/conda/miniconda3/envs/02613_2026/lib/python3.12/multiprocessing/process.py", line 108, in run
    self._target(*self._args, **self._kwargs)
  File "/dtu/projects/02613_2025/conda/miniconda3/envs/02613_2026/lib/python3.12/multiprocessing/pool.py", line 125, in worker
    result = (True, func(*args, **kwds))
                    ^^^^^^^^^^^^^^^^^^^
  File "/dtu/projects/02613_2025/conda/miniconda3/envs/02613_2026/lib/python3.12/multiprocessing/pool.py", line 48, in mapstar
    return list(map(*args))
           ^^^^^^^^^^^^^^^^
  File "/zhome/21/8/223277/Desktop/PYHPC/python/5_simulate_parallel.py", line 52, in process_chunk
    u = jacobi(u0, interior_mask, MAX_ITER, ABS_TOL)
        ^^^^^^^^^^^^^^^^^^^^^^^^^^^^^^^^^^^^^^^^^^^^
  File "/zhome/21/8/223277/Desktop/PYHPC/python/5_simulate_parallel.py", line 24, in jacobi
    delta = np.abs(u[1:-1, 1:-1][interior_mask] - u_new_interior).max()
            ^^^^^^^^^^^^^^^^^^^^^^^^^^^^^^^^^^^^^^^^^^^^^^^^^^^^^
  File "/dtu/projects/02613_2025/conda/miniconda3/envs/02613_2026/lib/python3.12/multiprocessing/process.py", line 314, in _bootstrap
    self.run()
KeyboardInterrupt
  File "/dtu/projects/02613_2025/conda/miniconda3/envs/02613_2026/lib/python3.12/multiprocessing/process.py", line 108, in run
    self._target(*self._args, **self._kwargs)
  File "/dtu/projects/02613_2025/conda/miniconda3/envs/02613_2026/lib/python3.12/multiprocessing/pool.py", line 125, in worker
    result = (True, func(*args, **kwds))
                    ^^^^^^^^^^^^^^^^^^^
  File "/dtu/projects/02613_2025/conda/miniconda3/envs/02613_2026/lib/python3.12/multiprocessing/pool.py", line 48, in mapstar
    return list(map(*args))
           ^^^^^^^^^^^^^^^^
  File "/zhome/21/8/223277/Desktop/PYHPC/python/5_simulate_parallel.py", line 52, in process_chunk
    u = jacobi(u0, interior_mask, MAX_ITER, ABS_TOL)
        ^^^^^^^^^^^^^^^^^^^^^^^^^^^^^^^^^^^^^^^^^^^^
  File "/zhome/21/8/223277/Desktop/PYHPC/python/5_simulate_parallel.py", line 24, in jacobi
    delta = np.abs(u[1:-1, 1:-1][interior_mask] - u_new_interior).max()
            ^^^^^^^^^^^^^^^^^^^^^^^^^^^^^^^^^^^^^^^^^^^^^^^^^^^^^
KeyboardInterrupt
  File "/dtu/projects/02613_2025/conda/miniconda3/envs/02613_2026/lib/python3.12/multiprocessing/process.py", line 314, in _bootstrap
    self.run()
  File "/dtu/projects/02613_2025/conda/miniconda3/envs/02613_2026/lib/python3.12/multiprocessing/process.py", line 108, in run
    self._target(*self._args, **self._kwargs)
  File "/dtu/projects/02613_2025/conda/miniconda3/envs/02613_2026/lib/python3.12/multiprocessing/pool.py", line 125, in worker
    result = (True, func(*args, **kwds))
                    ^^^^^^^^^^^^^^^^^^^
  File "/dtu/projects/02613_2025/conda/miniconda3/envs/02613_2026/lib/python3.12/multiprocessing/pool.py", line 48, in mapstar
    return list(map(*args))
           ^^^^^^^^^^^^^^^^
  File "/zhome/21/8/223277/Desktop/PYHPC/python/5_simulate_parallel.py", line 52, in process_chunk
    u = jacobi(u0, interior_mask, MAX_ITER, ABS_TOL)
        ^^^^^^^^^^^^^^^^^^^^^^^^^^^^^^^^^^^^^^^^^^^^
  File "/zhome/21/8/223277/Desktop/PYHPC/python/5_simulate_parallel.py", line 24, in jacobi
    delta = np.abs(u[1:-1, 1:-1][interior_mask] - u_new_interior).max()
            ^^^^^^^^^^^^^^^^^^^^^^^^^^^^^^^^^^^^^^^^^^^^^^^^^^^^^
    waiter.acquire()
KeyboardInterrupt
KeyboardInterrupt

During handling of the above exception, another exception occurred:

Traceback (most recent call last):
  File "/zhome/21/8/223277/Desktop/PYHPC/python/5_simulate_parallel.py", line 78, in <module>
  File "/dtu/projects/02613_2025/conda/miniconda3/envs/02613_2026/lib/python3.12/multiprocessing/process.py", line 314, in _bootstrap
    self.run()
  File "/dtu/projects/02613_2025/conda/miniconda3/envs/02613_2026/lib/python3.12/multiprocessing/process.py", line 108, in run
    self._target(*self._args, **self._kwargs)
  File "/dtu/projects/02613_2025/conda/miniconda3/envs/02613_2026/lib/python3.12/multiprocessing/process.py", line 314, in _bootstrap
    self.run()
  File "/dtu/projects/02613_2025/conda/miniconda3/envs/02613_2026/lib/python3.12/multiprocessing/pool.py", line 125, in worker
    result = (True, func(*args, **kwds))
                    ^^^^^^^^^^^^^^^^^^^
  File "/dtu/projects/02613_2025/conda/miniconda3/envs/02613_2026/lib/python3.12/multiprocessing/process.py", line 108, in run
    self._target(*self._args, **self._kwargs)
  File "/dtu/projects/02613_2025/conda/miniconda3/envs/02613_2026/lib/python3.12/multiprocessing/pool.py", line 48, in mapstar
    return list(map(*args))
           ^^^^^^^^^^^^^^^^
  File "/dtu/projects/02613_2025/conda/miniconda3/envs/02613_2026/lib/python3.12/multiprocessing/pool.py", line 125, in worker
    result = (True, func(*args, **kwds))
                    ^^^^^^^^^^^^^^^^^^^
  File "/zhome/21/8/223277/Desktop/PYHPC/python/5_simulate_parallel.py", line 52, in process_chunk
    u = jacobi(u0, interior_mask, MAX_ITER, ABS_TOL)
        ^^^^^^^^^^^^^^^^^^^^^^^^^^^^^^^^^^^^^^^^^^^^
  File "/dtu/projects/02613_2025/conda/miniconda3/envs/02613_2026/lib/python3.12/multiprocessing/pool.py", line 48, in mapstar
    return list(map(*args))
           ^^^^^^^^^^^^^^^^
  File "/zhome/21/8/223277/Desktop/PYHPC/python/5_simulate_parallel.py", line 27, in jacobi
    if delta < atol:
       ^^^^^^^^^^^^
  File "/zhome/21/8/223277/Desktop/PYHPC/python/5_simulate_parallel.py", line 52, in process_chunk
    u = jacobi(u0, interior_mask, MAX_ITER, ABS_TOL)
        ^^^^^^^^^^^^^^^^^^^^^^^^^^^^^^^^^^^^^^^^^^^^
    with Pool(num_workers) as pool:  File "/zhome/21/8/223277/Desktop/PYHPC/python/5_simulate_parallel.py", line 24, in jacobi
    delta = np.abs(u[1:-1, 1:-1][interior_mask] - u_new_interior).max()
            ^^^^^^^^^^^^^^^^^^^^^^^^^^^^^^^^^^^^^^^^^^^^^^^^^^^^^

KeyboardInterrupt
KeyboardInterrupt
         ^^^^^^^^^^^^^^^^^
  File "/dtu/projects/02613_2025/conda/miniconda3/envs/02613_2026/lib/python3.12/multiprocessing/pool.py", line 739, in __exit__
    self.terminate()
  File "/dtu/projects/02613_2025/conda/miniconda3/envs/02613_2026/lib/python3.12/multiprocessing/pool.py", line 657, in terminate
    self._terminate()
  File "/dtu/projects/02613_2025/conda/miniconda3/envs/02613_2026/lib/python3.12/multiprocessing/util.py", line 221, in __call__
Traceback (most recent call last):
  File "/dtu/projects/02613_2025/conda/miniconda3/envs/02613_2026/lib/python3.12/multiprocessing/process.py", line 314, in _bootstrap
    self.run()
  File "/dtu/projects/02613_2025/conda/miniconda3/envs/02613_2026/lib/python3.12/multiprocessing/process.py", line 108, in run
    self._target(*self._args, **self._kwargs)
  File "/dtu/projects/02613_2025/conda/miniconda3/envs/02613_2026/lib/python3.12/multiprocessing/pool.py", line 125, in worker
    result = (True, func(*args, **kwds))
                    ^^^^^^^^^^^^^^^^^^^
  File "/dtu/projects/02613_2025/conda/miniconda3/envs/02613_2026/lib/python3.12/multiprocessing/pool.py", line 48, in mapstar
    return list(map(*args))
           ^^^^^^^^^^^^^^^^
  File "/zhome/21/8/223277/Desktop/PYHPC/python/5_simulate_parallel.py", line 52, in process_chunk
    u = jacobi(u0, interior_mask, MAX_ITER, ABS_TOL)
        ^^^^^^^^^^^^^^^^^^^^^^^^^^^^^^^^^^^^^^^^^^^^
  File "/zhome/21/8/223277/Desktop/PYHPC/python/5_simulate_parallel.py", line 24, in jacobi
    delta = np.abs(u[1:-1, 1:-1][interior_mask] - u_new_interior).max()
            ^^^^^^^^^^^^^^^^^^^^^^^^^^^^^^^^^^^^^^^^^^^^^^^^^^^^^
KeyboardInterrupt
Traceback (most recent call last):
Traceback (most recent call last):
Traceback (most recent call last):
Traceback (most recent call last):
  File "/dtu/projects/02613_2025/conda/miniconda3/envs/02613_2026/lib/python3.12/multiprocessing/process.py", line 314, in _bootstrap
    self.run()
  File "/dtu/projects/02613_2025/conda/miniconda3/envs/02613_2026/lib/python3.12/multiprocessing/process.py", line 108, in run
    self._target(*self._args, **self._kwargs)
  File "/dtu/projects/02613_2025/conda/miniconda3/envs/02613_2026/lib/python3.12/multiprocessing/pool.py", line 114, in worker
    task = get()
           ^^^^^
  File "/dtu/projects/02613_2025/conda/miniconda3/envs/02613_2026/lib/python3.12/multiprocessing/queues.py", line 386, in get
    with self._rlock:
         ^^^^^^^^^^^
  File "/dtu/projects/02613_2025/conda/miniconda3/envs/02613_2026/lib/python3.12/multiprocessing/process.py", line 314, in _bootstrap
    self.run()
  File "/dtu/projects/02613_2025/conda/miniconda3/envs/02613_2026/lib/python3.12/multiprocessing/process.py", line 108, in run
    self._target(*self._args, **self._kwargs)
  File "/dtu/projects/02613_2025/conda/miniconda3/envs/02613_2026/lib/python3.12/multiprocessing/synchronize.py", line 95, in __enter__
    return self._semlock.__enter__()
           ^^^^^^^^^^^^^^^^^^^^^^^^^
  File "/dtu/projects/02613_2025/conda/miniconda3/envs/02613_2026/lib/python3.12/multiprocessing/pool.py", line 114, in worker
    task = get()
           ^^^^^
  File "/dtu/projects/02613_2025/conda/miniconda3/envs/02613_2026/lib/python3.12/multiprocessing/queues.py", line 386, in get
    with self._rlock:
         ^^^^^^^^^^^
  File "/dtu/projects/02613_2025/conda/miniconda3/envs/02613_2026/lib/python3.12/multiprocessing/process.py", line 314, in _bootstrap
    self.run()
  File "/dtu/projects/02613_2025/conda/miniconda3/envs/02613_2026/lib/python3.12/multiprocessing/synchronize.py", line 95, in __enter__
    return self._semlock.__enter__()
           ^^^^^^^^^^^^^^^^^^^^^^^^^
KeyboardInterrupt
  File "/dtu/projects/02613_2025/conda/miniconda3/envs/02613_2026/lib/python3.12/multiprocessing/process.py", line 108, in run
    self._target(*self._args, **self._kwargs)
  File "/dtu/projects/02613_2025/conda/miniconda3/envs/02613_2026/lib/python3.12/multiprocessing/pool.py", line 114, in worker
    task = get()
           ^^^^^
  File "/dtu/projects/02613_2025/conda/miniconda3/envs/02613_2026/lib/python3.12/multiprocessing/queues.py", line 386, in get
    with self._rlock:
         ^^^^^^^^^^^
KeyboardInterrupt
  File "/dtu/projects/02613_2025/conda/miniconda3/envs/02613_2026/lib/python3.12/multiprocessing/synchronize.py", line 95, in __enter__
    return self._semlock.__enter__()
           ^^^^^^^^^^^^^^^^^^^^^^^^^
KeyboardInterrupt
  File "/dtu/projects/02613_2025/conda/miniconda3/envs/02613_2026/lib/python3.12/multiprocessing/process.py", line 314, in _bootstrap
    self.run()
  File "/dtu/projects/02613_2025/conda/miniconda3/envs/02613_2026/lib/python3.12/multiprocessing/process.py", line 108, in run
    self._target(*self._args, **self._kwargs)
  File "/dtu/projects/02613_2025/conda/miniconda3/envs/02613_2026/lib/python3.12/multiprocessing/pool.py", line 114, in worker
    task = get()
           ^^^^^
  File "/dtu/projects/02613_2025/conda/miniconda3/envs/02613_2026/lib/python3.12/multiprocessing/queues.py", line 386, in get
    with self._rlock:
         ^^^^^^^^^^^
  File "/dtu/projects/02613_2025/conda/miniconda3/envs/02613_2026/lib/python3.12/multiprocessing/synchronize.py", line 95, in __enter__
    return self._semlock.__enter__()
           ^^^^^^^^^^^^^^^^^^^^^^^^^
KeyboardInterrupt

During handling of the above exception, another exception occurred:

Traceback (most recent call last):
  File "/dtu/projects/02613_2025/conda/miniconda3/envs/02613_2026/lib/python3.12/multiprocessing/process.py", line 317, in _bootstrap
    util._exit_function()
  File "/dtu/projects/02613_2025/conda/miniconda3/envs/02613_2026/lib/python3.12/multiprocessing/util.py", line 323, in _exit_function
    def _exit_function(info=info, debug=debug, _run_finalizers=_run_finalizers,
    
KeyboardInterrupt
Traceback (most recent call last):
  File "/dtu/projects/02613_2025/conda/miniconda3/envs/02613_2026/lib/python3.12/multiprocessing/queues.py", line 387, in get
    res = self._reader.recv_bytes()
          ^^^^^^^^^^^^^^^^^^^^^^^^^
  File "/dtu/projects/02613_2025/conda/miniconda3/envs/02613_2026/lib/python3.12/multiprocessing/connection.py", line 216, in recv_bytes
    buf = self._recv_bytes(maxlength)
          ^^^^^^^^^^^^^^^^^^^^^^^^^^^
  File "/dtu/projects/02613_2025/conda/miniconda3/envs/02613_2026/lib/python3.12/multiprocessing/connection.py", line 430, in _recv_bytes
    buf = self._recv(4)
          ^^^^^^^^^^^^^
  File "/dtu/projects/02613_2025/conda/miniconda3/envs/02613_2026/lib/python3.12/multiprocessing/connection.py", line 395, in _recv
    chunk = read(handle, remaining)
            ^^^^^^^^^^^^^^^^^^^^^^^
KeyboardInterrupt

During handling of the above exception, another exception occurred:

Traceback (most recent call last):
  File "/dtu/projects/02613_2025/conda/miniconda3/envs/02613_2026/lib/python3.12/multiprocessing/process.py", line 314, in _bootstrap
    self.run()
  File "/dtu/projects/02613_2025/conda/miniconda3/envs/02613_2026/lib/python3.12/multiprocessing/process.py", line 108, in run
    self._target(*self._args, **self._kwargs)
  File "/dtu/projects/02613_2025/conda/miniconda3/envs/02613_2026/lib/python3.12/multiprocessing/pool.py", line 114, in worker
    task = get()
           ^^^^^
  File "/dtu/projects/02613_2025/conda/miniconda3/envs/02613_2026/lib/python3.12/multiprocessing/queues.py", line 386, in get
    with self._rlock:
         ^^^^^^^^^^^
  File "/dtu/projects/02613_2025/conda/miniconda3/envs/02613_2026/lib/python3.12/multiprocessing/synchronize.py", line 97, in __exit__
    def __exit__(self, *args):
    
KeyboardInterrupt
    if self._pid != getpid():
                    ^^^^^^^^
KeyboardInterrupt
Terminated
