No GPU on this node, CUDA module not loaded
building_id, mean_temp, std_temp, pct_above_18, pct_below_15
10000, 6.651522125990728, 8.032657574824114, 13.789736356732124, 81.71133051245886
10009, 3.737599621068981, 6.933675706322745, 7.906573524977385, 89.51653432505779
10014, 2.6813506304786126, 5.6446117247983425, 4.7444066692453335, 93.77252091773376
10019, 7.0033001237736014, 8.33464099880747, 15.625476851710562, 78.42443108411918
10029, 5.2476079760585055, 7.394648290426854, 10.887050661380703, 86.73045400831015
10031, 9.975992155525411, 9.460906443078851, 27.615414076540084, 67.41448899625844
10051, 10.514341748147736, 9.577261902643144, 30.654106067283678, 63.54855296018804
10053, 4.750739989927824, 7.056611772225922, 8.771156558533146, 87.7997179125529
10056, 2.226675346790935, 5.950550433563238, 6.3443999855809095, 92.06769763166433
10064, 5.139035221056884, 8.444462566951502, 14.930119919470137, 82.25036228712592
10075, 8.887428750819707, 7.166722819975014, 15.077069163501458, 79.034537585019
10079, 5.162344771225385, 8.227240643347008, 14.5854909742051, 82.20877897691527
10080, 4.636502169715241, 7.55787130015877, 11.007044116350384, 86.08615571513945
10082, 4.809415762942886, 8.211256240367053, 13.692096154757955, 84.71101417666304
10083, 4.532952754964207, 7.773019326316824, 12.26410872256948, 84.86566318082139
10084, 3.196217440480481, 7.165315771747511, 9.478994127390452, 89.02574913416655
10085, 6.849612145931379, 8.21097960871185, 15.534487380257051, 80.1286663562873
10086, 7.328901582127324, 8.912938046315402, 19.57467375543741, 76.17206379893669
10087, 12.456948604575835, 8.887733730396711, 34.27903087921689, 58.78418367826242
10089, 12.392696391959985, 8.810867073195713, 33.75353451292284, 59.356174876824
10090, 12.639232730274356, 8.230039146175079, 32.457686065383726, 55.879897982842564
10093, 4.858750077501955, 7.855545247433859, 11.742530927053318, 85.17884611218234
10094, 13.216769097993472, 9.41097529195185, 40.702676079461504, 52.661303562633385
10097, 5.3738219624035395, 8.63339340536123, 15.586852927736796, 82.20673673216268
10117, 13.312415986300358, 9.283462773882382, 41.38874250294863, 53.05528369595221
10119, 3.4047616547760975, 7.057082464414419, 8.623636455034433, 89.59935655758306
10120, 13.573461927242823, 8.464369250009957, 38.506327148513314, 52.63825272364983
10124, 3.5898388735350206, 6.665339586286346, 7.8810488933529435, 90.55135057574344
10126, 12.99352252803981, 8.788362805608378, 36.95199435227674, 57.038475114719375
10128, 10.116215273958167, 8.10471288799975, 22.516890993243603, 71.61249135500346
10136, 8.884721208685376, 9.270070316846995, 24.40606246354316, 70.95020119232404
10144, 8.750262635584319, 8.48494657329267, 20.705929607872672, 73.89290555806596
10145, 8.749494116630604, 9.25104123274117, 23.7939324918541, 71.34067255069438
10150, 3.4717296236441824, 5.731202962690361, 4.738237857685959, 93.52595367468427
10161, 11.298356061670448, 7.431767231386193, 23.012949982178924, 69.31380369660042
10165, 6.641469227414708, 8.10916310409036, 14.151440329218106, 81.97366255144033
10167, 11.54116104065505, 8.470671408173176, 29.405980199339975, 63.42378079269309
10168, 11.827701943000372, 8.417235253480667, 29.546096697525222, 62.65228447487825
10174, 9.856500177937107, 9.747280254082304, 30.524887953517315, 63.53822165975625
10176, 6.509790329255603, 7.735632880594058, 13.932317022282806, 82.64111052382674
10177, 5.400759642152624, 6.886347854778147, 9.548606463013039, 87.74731600224894
10180, 6.178678924745694, 7.647054820996425, 13.138055943093448, 83.54489774213124
10182, 4.545055107321393, 8.130463200040262, 13.427137099625256, 84.27962007117773
10198, 3.411955394579758, 6.983310678719377, 8.786555511446341, 89.47267434166997
10199, 6.3677186534933155, 6.437398349791971, 8.448998232759477, 88.29186606037742
10200, 12.828872483948706, 7.2571079729980426, 30.687041286705423, 61.64236921862351
10201, 14.349260286669848, 7.433562934311596, 38.399217858888704, 53.621639237412424
10202, 17.24795107182884, 6.994869285439142, 53.947551543829654, 37.62981224857679
10203, 16.810298704253995, 6.612831546482125, 51.25059741914928, 38.8621156603473
10204, 14.769253886610867, 7.0635588672839305, 39.05145378195928, 51.7149045872535
10205, 12.458295205797087, 9.23608320666807, 35.540397116702785, 58.931809136337506
10206, 6.743524685864414, 8.67644692964765, 17.97353985156502, 77.43209711697878
10207, 7.258992050506889, 9.00814690811442, 20.072206949090788, 74.96163315778432
10208, 16.793974892963472, 7.716152633172589, 53.83735972803032, 39.33632179066759
1021, 6.394753411895827, 8.500689744141917, 16.752485539118968, 79.08393566953157
10215, 5.709857755290278, 8.679429257683333, 16.300895177591684, 79.12421104739904
10219, 4.27401576629958, 7.520539844459203, 10.365164498695108, 85.65439861907403
1022, 15.460160931906353, 8.091609560788326, 47.18992697614431, 42.33806240895215
1023, 17.674703125831932, 6.537078856183517, 57.62727811597339, 32.13213778308855
1024, 18.88161508522672, 6.024123594028703, 64.88028849728605, 25.665476987136586
10243, 16.312433408748532, 8.655777872728676, 53.67979294310322, 38.445903461184145
10244, 16.247742114228846, 8.587622030310747, 53.271627019614854, 38.26685744947237
10245, 13.151815772103784, 9.76594264818239, 44.63704048394602, 49.23947184737087
10247, 16.425234602792443, 7.978983634918929, 51.94699715733903, 39.12494171792982
10249, 6.876195476367698, 8.281716333865365, 16.37306746606487, 81.8501802014214
1025, 17.04003129382472, 7.449113854342254, 53.90903589218379, 37.60904985801406
10251, 12.18446142520454, 7.591158573691768, 29.19672100111698, 65.13791863084758
10252, 10.392359545338026, 9.316694934310284, 27.75887351481426, 67.32403368927659
10255, 10.439350914759446, 9.259082124332766, 28.740532492393626, 65.9761589893927
10257, 12.380461636628871, 9.571079091216756, 39.49348504312718, 54.40518373166565
10259, 10.465234453839562, 7.819888053024553, 22.179591421892468, 72.76654131517431
1026, 2.2752646099386338, 5.86409481000079, 5.81096196868009, 92.81785980611484
10260, 12.456760438168017, 7.755869557424015, 30.01847107191801, 64.41637371149376
10262, 10.943315556545167, 9.933863091707078, 33.56351066128202, 61.580329394558845
10263, 11.866954414444558, 9.90253468365487, 36.69753059983383, 58.18722216036112
10265, 15.065853154805877, 9.137082435369544, 50.716917123850415, 41.9230871166945
10267, 14.661492274878912, 7.750239491800253, 40.47035344264718, 52.049326746578295
10268, 15.923988138917645, 9.465287760544273, 54.47803194216891, 39.730104931400625
10269, 4.5436139421046855, 8.318708234488652, 14.225757179617728, 83.73766701985662
1027, 11.927325052720848, 9.34690112857614, 33.66783073986714, 60.875471949725366
10276, 7.753811566825153, 9.546791787199815, 23.227420944869948, 72.60180480776522
10277, 10.075606373414628, 10.36797581977873, 33.45441164251036, 61.8508362712629
10279, 5.444396608580037, 7.543204090641828, 11.61196207148067, 85.51422319474837
10281, 9.170984932440211, 8.217432200780246, 20.246875, 73.484375
10282, 8.641237561942958, 8.929537260176017, 21.53995762859028, 73.23307748411072
10285, 11.164145365376545, 8.781498575815249, 29.478781475611903, 64.84944532488115
10288, 8.362901461101501, 9.064716608054807, 23.93623318031752, 70.98399252896998
10291, 5.6362143020329105, 8.28497693380897, 14.62638189500492, 82.94611332986051
10292, 10.996176065510186, 8.409262516625994, 28.683534341072708, 63.79198592560012
10303, 10.616384429730722, 9.512039269427634, 30.13187604306424, 63.87643574724304
10306, 15.30701290980376, 8.292989447570902, 47.19671695550766, 44.95881432493874
1031, 8.949546016979554, 9.335866442553224, 24.809885931558938, 70.31646070975918
10311, 17.401355587768226, 8.537426257952175, 59.45536707123761, 34.04665578347174
10312, 16.48605896183441, 6.609907500843847, 48.90521360815919, 40.253904857000215
10315, 12.32152908866632, 8.14615145831322, 31.29647244811833, 62.43887407724977
10316, 9.082880943729458, 9.464644574590343, 26.41763036745083, 68.13781191764011
10318, 17.504858074411878, 6.316724836033209, 56.77310570133839, 32.037095584360834
10323, 9.304461807178622, 9.349076136837276, 26.008472128622316, 69.96887134559225
10324, 11.676061307024183, 9.504770005527702, 34.65930719451846, 60.08755234107347
10330, 16.21061888060364, 7.779004553982495, 51.160351981033145, 37.6297512120245

------------------------------------------------------------
Sender: LSF System <lsfadmin@hpc.dtu.dk>
Subject: Job 28335553: <all_plans> in cluster <dcc> Done

Job <all_plans> was submitted from host <n-62-27-17> by user <s257640> in cluster <dcc> at Fri May  1 17:02:32 2026
Job was executed on host(s) <16*n-62-31-16>, in queue <hpc>, as user <s257640> in cluster <dcc> at Fri May  1 17:06:07 2026
</zhome/b6/8/228751> was used as the home directory.
</zhome/b6/8/228751/py_hpc/mini_project/PYHPC/Task12> was used as the working directory.
Started at Fri May  1 17:06:07 2026
Terminated at Fri May  1 17:06:32 2026
Results reported at Fri May  1 17:06:32 2026

Your job looked like:

------------------------------------------------------------
# LSBATCH: User input
#!/bin/bash
#BSUB -J all_plans
#BSUB -q hpc
#BSUB -W 120
#BSUB -o output/all_plans_%J.out
#BSUB -e output/all_plans_%J.err
#BSUB -n 16
#BSUB -R "span[hosts=1]"
#BSUB -R "rusage[mem=1024MB]"
#BSUB -R "select[model==XeonGold6126]"

#Initialize python env
source /dtu/projects/02613_2025/conda/conda_init.sh
conda activate 02613_2026

#Run script
python -u 12_jit_cpu.py 100
------------------------------------------------------------

Successfully completed.

Resource usage summary:

    CPU time :                                   250.20 sec.
    Max Memory :                                 557 MB
    Average Memory :                             557.00 MB
    Total Requested Memory :                     16384.00 MB
    Delta Memory :                               15827.00 MB
    Max Swap :                                   -
    Max Processes :                              20
    Max Threads :                                24
    Run time :                                   25 sec.
    Turnaround time :                            240 sec.

The output (if any) is above this job summary.



PS:

Read file <output/all_plans_28335553.err> for stderr output of this job.

