No GPU on this node, CUDA module not loaded

------------------------------------------------------------
Sender: LSF System <lsfadmin@hpc.dtu.dk>
Subject: Job 28335221: <all_plans> in cluster <dcc> Exited

Job <all_plans> was submitted from host <n-62-27-17> by user <s257640> in cluster <dcc> at Fri May  1 15:41:11 2026
Job was executed on host(s) <16*n-62-11-51>, in queue <hpc>, as user <s257640> in cluster <dcc> at Fri May  1 16:29:02 2026
</zhome/b6/8/228751> was used as the home directory.
</zhome/b6/8/228751/py_hpc/mini_project/PYHPC/Task12> was used as the working directory.
Started at Fri May  1 16:29:02 2026
Terminated at Fri May  1 16:29:05 2026
Results reported at Fri May  1 16:29:05 2026

Your job looked like:

------------------------------------------------------------
# LSBATCH: User input
#!/bin/bash
#BSUB -J all_plans
#BSUB -q hpc
#BSUB -W 120
#BSUB -o output/all_plans_%J.out
#BSUB -e output/all_plans_%J.err
#BSUB -n 16
#BSUB -R "span[hosts=1]"
#BSUB -R "rusage[mem=4096MB]"
#BSUB -R "select[model==XeonGold6226R]"

#Initialize python env
source /dtu/projects/02613_2025/conda/conda_init.sh
conda activate 02613_2026

#Run script
python -u 12_jit_cpu.py 100
------------------------------------------------------------

Exited with exit code 1.

Resource usage summary:

    CPU time :                                   2.17 sec.
    Max Memory :                                 -
    Average Memory :                             -
    Total Requested Memory :                     65536.00 MB
    Delta Memory :                               -
    Max Swap :                                   -
    Max Processes :                              -
    Max Threads :                                -
    Run time :                                   3 sec.
    Turnaround time :                            2874 sec.

The output (if any) is above this job summary.



PS:

Read file <output/all_plans_28335221.err> for stderr output of this job.

