No GPU on this node, CUDA module not loaded
building_id, mean_temp, std_temp, pct_above_18, pct_below_15

------------------------------------------------------------
Sender: LSF System <lsfadmin@hpc.dtu.dk>
Subject: Job 28335714: <all_plans> in cluster <dcc> Exited

Job <all_plans> was submitted from host <n-62-27-17> by user <s257640> in cluster <dcc> at Fri May  1 17:51:11 2026
Job was executed on host(s) <16*n-62-12-4>, in queue <hpc>, as user <s257640> in cluster <dcc> at Fri May  1 18:11:26 2026
</zhome/b6/8/228751> was used as the home directory.
</zhome/b6/8/228751/py_hpc/mini_project/PYHPC/Task12> was used as the working directory.
Started at Fri May  1 18:11:26 2026
Terminated at Fri May  1 18:25:53 2026
Results reported at Fri May  1 18:25:53 2026

Your job looked like:

------------------------------------------------------------
# LSBATCH: User input
#!/bin/bash
#BSUB -J all_plans
#BSUB -q hpc
#BSUB -W 120
#BSUB -o output/all_plans_%J.out
#BSUB -e output/all_plans_%J.err
#BSUB -n 16
#BSUB -R "span[hosts=1]"
#BSUB -R "rusage[mem=4096MB]"
#BSUB -R "select[model==XeonGold6226R]"

#Initialize python env
source /dtu/projects/02613_2025/conda/conda_init.sh
conda activate 02613_2026

#Run script
python -u 12_jit_cpu.py -1
------------------------------------------------------------

Exited with exit code 1.

Resource usage summary:

    CPU time :                                   11608.34 sec.
    Max Memory :                                 19780 MB
    Average Memory :                             14989.25 MB
    Total Requested Memory :                     65536.00 MB
    Delta Memory :                               45756.00 MB
    Max Swap :                                   -
    Max Processes :                              20
    Max Threads :                                25
    Run time :                                   867 sec.
    Turnaround time :                            2082 sec.

The output (if any) is above this job summary.



PS:

Read file <output/all_plans_28335714.err> for stderr output of this job.

