No GPU on this node, CUDA module not loaded
building_id, mean_temp, std_temp, pct_above_18, pct_below_15
10000, 6.651522125990728, 8.032657574824114, 13.789736356732124, 81.71133051245886
10009, 3.737599621068981, 6.933675706322745, 7.906573524977385, 89.51653432505779
10014, 2.6813506304786126, 5.6446117247983425, 4.7444066692453335, 93.77252091773376
10019, 7.0033001237736014, 8.33464099880747, 15.625476851710562, 78.42443108411918
10029, 5.2476079760585055, 7.394648290426854, 10.887050661380703, 86.73045400831015
10031, 9.975992155525411, 9.460906443078851, 27.615414076540084, 67.41448899625844
10051, 10.966611369669703, 7.658711422672655, 22.972675187307185, 69.44138386954606
10053, 9.920905488422191, 9.223393630971398, 28.237394217207335, 65.3186706629055
10056, 10.40604044190453, 9.586229628316405, 30.37021015824952, 63.86215349122237
10064, 5.139035221056884, 8.444462566951502, 14.930119919470137, 82.25036228712592
10075, 8.887428750819707, 7.166722819975014, 15.077069163501458, 79.034537585019
10079, 5.162344771225385, 8.227240643347008, 14.5854909742051, 82.20877897691527
10080, 4.636502169715241, 7.55787130015877, 11.007044116350384, 86.08615571513945
10082, 4.809415762942886, 8.211256240367053, 13.692096154757955, 84.71101417666304
10083, 4.532952754964207, 7.773019326316824, 12.26410872256948, 84.86566318082139
10084, 3.196217440480481, 7.165315771747511, 9.478994127390452, 89.02574913416655
10085, 6.849612145931379, 8.21097960871185, 15.534487380257051, 80.1286663562873
10086, 7.328901582127324, 8.912938046315402, 19.57467375543741, 76.17206379893669
10087, 12.456948604575835, 8.887733730396711, 34.27903087921689, 58.78418367826242
10089, 12.392696391959985, 8.810867073195713, 33.75353451292284, 59.356174876824
10090, 4.8213913413323715, 8.342686601765095, 14.001854857407835, 83.6262462323209
10093, 9.390638077072705, 8.917038196373868, 24.56182160885673, 68.73063673982278
10094, 13.216769097993472, 9.41097529195185, 40.702676079461504, 52.661303562633385
10097, 5.3738219624035395, 8.63339340536123, 15.586852927736796, 82.20673673216268
10117, 13.312415986300358, 9.283462773882382, 41.38874250294863, 53.05528369595221
10119, 3.4047616547760975, 7.057082464414419, 8.623636455034433, 89.59935655758306
10120, 13.573461927242823, 8.464369250009957, 38.506327148513314, 52.63825272364983
10124, 13.159369910393307, 8.70284443740655, 37.21347347275532, 56.81744807547441
10126, 13.018819564873462, 8.640555894585649, 36.10483586304271, 57.495587716201904
10128, 9.298198664968277, 7.7057592832698365, 18.409852636058947, 76.2515294993882
10136, 3.9928477574831667, 7.285742319634508, 9.726437758905355, 87.71095534222468
10144, 8.750262635584319, 8.48494657329267, 20.705929607872672, 73.89290555806596
10145, 10.65625347491523, 5.891989454648239, 16.581253361171743, 75.27284805921988
10150, 12.784428077976711, 8.563139752478191, 34.07636815459081, 60.666135044415185
10161, 11.298356061670448, 7.431767231386193, 23.012949982178924, 69.31380369660042
10165, 6.641469227414708, 8.10916310409036, 14.151440329218106, 81.97366255144033
10167, 11.54116104065505, 8.470671408173176, 29.405980199339975, 63.42378079269309
10168, 11.827701943000372, 8.417235253480667, 29.546096697525222, 62.65228447487825
10174, 9.856500177937107, 9.747280254082304, 30.524887953517315, 63.53822165975625
10176, 6.509790329255603, 7.735632880594058, 13.932317022282806, 82.64111052382674
10177, 5.400759642152624, 6.886347854778147, 9.548606463013039, 87.74731600224894
10180, 6.178678924745694, 7.647054820996425, 13.138055943093448, 83.54489774213124
10182, 4.545055107321393, 8.130463200040262, 13.427137099625256, 84.27962007117773
10198, 3.411955394579758, 6.983310678719377, 8.786555511446341, 89.47267434166997
10199, 12.734932540221198, 7.304671326745728, 30.378004143417858, 62.095007380049374
10200, 6.507166392773998, 6.464827771066116, 8.688874467273711, 87.93111522944864
10201, 17.276605733645717, 7.039382630828958, 54.205637933843896, 37.516050187387975
10202, 14.380430184878088, 7.355408041224658, 38.35881530376232, 53.50617333041732
10203, 13.662940596076947, 7.600270800397625, 34.789708459455156, 57.97952843715151
10204, 15.893629439741767, 7.259419513192673, 46.66985595067241, 44.915749747515015
10205, 13.22352115999692, 9.347948443857582, 41.755848405784285, 52.242073143766866
10206, 11.391516811197578, 8.594284090235822, 28.881396668558267, 64.30327914455164
10207, 6.7494166773810065, 8.69771440820606, 18.14558422487938, 77.3431375796319
10208, 6.985465065599765, 8.895933753559522, 19.01080056560065, 76.05523631878215
1021, 6.394753411895827, 8.500689744141917, 16.752485539118968, 79.08393566953157
10215, 5.709857755290278, 8.679429257683333, 16.300895177591684, 79.12421104739904
10219, 4.27401576629958, 7.520539844459203, 10.365164498695108, 85.65439861907403
1022, 15.460160931906353, 8.091609560788326, 47.18992697614431, 42.33806240895215
1023, 17.674703125831932, 6.537078856183517, 57.62727811597339, 32.13213778308855
1024, 16.10888757279893, 8.124111057897638, 50.573462710982234, 41.88136664436017
10243, 13.1775283004137, 9.827464380410131, 44.673695292965036, 49.0327108953456
10244, 13.113171510951394, 9.750750173748164, 44.47475108805819, 49.42765158290109
10245, 16.294675852120296, 8.548907613988039, 53.33876221498372, 38.113657515123315
10247, 16.425234602792443, 7.978983634918929, 51.94699715733903, 39.12494171792982
10249, 6.876195476367698, 8.281716333865365, 16.37306746606487, 81.8501802014214
1025, 17.532593546477006, 6.331467471772082, 56.06442903030585, 33.836413574787024
10251, 12.18446142520454, 7.591158573691768, 29.19672100111698, 65.13791863084758
10252, 10.392359545338026, 9.316694934310284, 27.75887351481426, 67.32403368927659
10255, 11.934661159340472, 7.222615399473572, 25.812656635809606, 67.94965459203019
10257, 2.750939151030446, 6.5184127697929615, 7.621723110803676, 90.72518599037225
10259, 15.550649286618789, 7.8250449239589, 45.855778026222175, 45.384015990784974
1026, 9.1584483733262, 9.64063854480296, 26.56319910514541, 69.19835943325876
10260, 12.456760438168017, 7.755869557424015, 30.01847107191801, 64.41637371149376
10262, 10.943315556545167, 9.933863091707078, 33.56351066128202, 61.580329394558845
10263, 13.599965566362398, 9.823677672606495, 46.33187436294958, 47.397408114844666
10265, 17.532934135916808, 7.04448717176466, 55.003842993824705, 36.47398690731759
10267, 4.686925266358832, 8.630211980530136, 15.9806832321092, 82.24902369014328
10268, 14.671695353244592, 7.82770522394729, 40.644346336155685, 51.731555711194765
10269, 18.610277874859637, 6.7860663697750025, 61.92841711274099, 30.378004981354323
1027, 11.927325052720848, 9.34690112857614, 33.66783073986714, 60.875471949725366
10276, 7.753811566825153, 9.546791787199815, 23.227420944869948, 72.60180480776522
10277, 8.444763005243056, 7.9093139149881, 17.354557648706717, 77.00343055209335
10279, 9.818769126417877, 10.311490133117069, 32.3392726893821, 63.33541731791185
10281, 5.458435308484496, 7.560230475422493, 11.683333333333334, 85.41458333333334
10282, 8.641237561942958, 8.929537260176017, 21.53995762859028, 73.23307748411072
10285, 11.164145365376545, 8.781498575815249, 29.478781475611903, 64.84944532488115
10288, 8.388700824445253, 9.08948814301138, 24.096702487274257, 70.78800952293264
10291, 11.518655612312754, 8.618780240325586, 31.80413266192047, 60.890200845054125
10292, 5.680261327782739, 8.312871341763328, 14.781592166485336, 82.78200884279728
10303, 10.616384429730722, 9.512039269427634, 30.13187604306424, 63.87643574724304
10306, 15.30701290980376, 8.292989447570902, 47.19671695550766, 44.95881432493874
1031, 9.321448862443441, 8.815306347788486, 21.60567173637516, 72.22552281368822
10311, 11.478627196684059, 8.247125429897693, 28.368467125653584, 65.50027207987318
10312, 15.086723573027784, 7.503933549944435, 43.636925564034904, 46.58012980529207
10315, 17.56867415784884, 6.271161450324724, 55.06357095966023, 33.265899438646315
10316, 9.082880943729458, 9.464644574590343, 26.41763036745083, 68.13781191764011
10318, 17.504858074411878, 6.316724836033209, 56.77310570133839, 32.037095584360834
10323, 9.304461807178622, 9.349076136837276, 26.008472128622316, 69.96887134559225
10324, 11.676061307024183, 9.504770005527702, 34.65930719451846, 60.08755234107347
10330, 16.21061888060364, 7.779004553982495, 51.160351981033145, 37.6297512120245

------------------------------------------------------------
Sender: LSF System <lsfadmin@hpc.dtu.dk>
Subject: Job 28335548: <all_plans> in cluster <dcc> Done

Job <all_plans> was submitted from host <n-62-27-17> by user <s257640> in cluster <dcc> at Fri May  1 17:01:09 2026
Job was executed on host(s) <16*n-62-31-16>, in queue <hpc>, as user <s257640> in cluster <dcc> at Fri May  1 17:05:38 2026
</zhome/b6/8/228751> was used as the home directory.
</zhome/b6/8/228751/py_hpc/mini_project/PYHPC/Task12> was used as the working directory.
Started at Fri May  1 17:05:38 2026
Terminated at Fri May  1 17:06:03 2026
Results reported at Fri May  1 17:06:03 2026

Your job looked like:

------------------------------------------------------------
# LSBATCH: User input
#!/bin/bash
#BSUB -J all_plans
#BSUB -q hpc
#BSUB -W 120
#BSUB -o output/all_plans_%J.out
#BSUB -e output/all_plans_%J.err
#BSUB -n 16
#BSUB -R "span[hosts=1]"
#BSUB -R "rusage[mem=4096MB]"
#BSUB -R "select[model==XeonGold6126]"

#Initialize python env
source /dtu/projects/02613_2025/conda/conda_init.sh
conda activate 02613_2026

#Run script
python -u 12_jit_cpu.py 100
------------------------------------------------------------

Successfully completed.

Resource usage summary:

    CPU time :                                   250.37 sec.
    Max Memory :                                 520 MB
    Average Memory :                             520.00 MB
    Total Requested Memory :                     65536.00 MB
    Delta Memory :                               65016.00 MB
    Max Swap :                                   -
    Max Processes :                              20
    Max Threads :                                24
    Run time :                                   25 sec.
    Turnaround time :                            294 sec.

The output (if any) is above this job summary.



PS:

Read file <output/all_plans_28335548.err> for stderr output of this job.

