Traceback (most recent call last):
  File "/dtu/projects/02613_2025/conda/miniconda3/envs/02613_2026/lib/python3.12/multiprocessing/pool.py", line 856, in next
    item = self._items.popleft()
           ^^^^^^^^^^^^^^^^^^^^^
IndexError: pop from an empty deque

During handling of the above exception, another exception occurred:

Traceback (most recent call last):
  File "/zhome/b6/8/228751/py_hpc/mini_project/PYHPC/Task12/12_jit_cpu.py", line 82, in <module>
    all_u = list(parallel_results)
            ^^^^^^^^^^^^^^^^^^^^^^
  File "/dtu/projects/02613_2025/conda/miniconda3/envs/02613_2026/lib/python3.12/multiprocessing/pool.py", line 861, in next
    self._cond.wait(timeout)
  File "/dtu/projects/02613_2025/conda/miniconda3/envs/02613_2026/lib/python3.12/threading.py", line 355, in wait
    waiter.acquire()
KeyboardInterrupt

During handling of the above exception, another exception occurred:

Traceback (most recent call last):
  File "/zhome/b6/8/228751/py_hpc/mini_project/PYHPC/Task12/12_jit_cpu.py", line 80, in <module>
    with Pool(num_workers) as pool:
         ^^^^^^^^^^^^^^^^^
  File "/dtu/projects/02613_2025/conda/miniconda3/envs/02613_2026/lib/python3.12/multiprocessing/pool.py", line 738, in __exit__
    def __exit__(self, exc_type, exc_val, exc_tb):

KeyboardInterrupt
