No GPU on this node, CUDA module not loaded
Starting scaling benchmark...
Finished evaluating 10 workers!
Finished evaluating 12 workers!
Finished evaluating 16 workers!
Plot successfully saved to output/task6/3_chunks_speedup_plot.png!

------------------------------------------------------------
Sender: LSF System <lsfadmin@hpc.dtu.dk>
Subject: Job 28205871: <timing> in cluster <dcc> Done

Job <timing> was submitted from host <n-62-30-3> by user <s253003> in cluster <dcc> at Tue Apr 14 13:40:16 2026
Job was executed on host(s) <16*n-62-12-2>, in queue <hpc>, as user <s253003> in cluster <dcc> at Tue Apr 14 13:46:09 2026
</zhome/21/8/223277> was used as the home directory.
</zhome/21/8/223277/Desktop/PYHPC> was used as the working directory.
Started at Tue Apr 14 13:46:09 2026
Terminated at Tue Apr 14 13:59:05 2026
Results reported at Tue Apr 14 13:59:05 2026

Your job looked like:

------------------------------------------------------------
# LSBATCH: User input
#!/bin/bash
#BSUB -J timing
#BSUB -q hpc
#BSUB -W 120
#BSUB -o output/task6/timing_%J.out
#BSUB -e output/task6/timing_%J.err
#BSUB -n 16
#BSUB -R "span[hosts=1]"
#BSUB -R "rusage[mem=4096MB]"
#BSUB -R "select[model==XeonGold6226R]"

#Initialize python env
source /dtu/projects/02613_2025/conda/conda_init.sh
conda activate 02613_2026

#Run script
python -u python/Task6/6_dynamic_scheduling.py 
------------------------------------------------------------

Successfully completed.

Resource usage summary:

    CPU time :                                   8429.77 sec.
    Max Memory :                                 1186 MB
    Average Memory :                             932.00 MB
    Total Requested Memory :                     65536.00 MB
    Delta Memory :                               64350.00 MB
    Max Swap :                                   -
    Max Processes :                              20
    Max Threads :                                24
    Run time :                                   776 sec.
    Turnaround time :                            1129 sec.

The output (if any) is above this job summary.



PS:

Read file <output/task6/timing_28205871.err> for stderr output of this job.

