No GPU on this node, CUDA module not loaded
Starting 2D benchmark on workers=[10, 12, 16] and chunksizes=[1, 3, 10]...
Finished chunksize=1 with 10 workers!
Finished chunksize=1 with 12 workers!
Finished chunksize=1 with 16 workers!
Finished chunksize=3 with 10 workers!
Finished chunksize=3 with 12 workers!
Finished chunksize=3 with 16 workers!
Finished chunksize=10 with 10 workers!
Finished chunksize=10 with 12 workers!
Finished chunksize=10 with 16 workers!
Plot successfully saved to output/task6/2d_benchmark_plot.png!

------------------------------------------------------------
Sender: LSF System <lsfadmin@hpc.dtu.dk>
Subject: Job 28215023: <dynamic> in cluster <dcc> Done

Job <dynamic> was submitted from host <n-62-30-4> by user <s253003> in cluster <dcc> at Wed Apr 15 10:57:37 2026
Job was executed on host(s) <16*n-62-11-58>, in queue <hpc>, as user <s253003> in cluster <dcc> at Wed Apr 15 10:57:38 2026
</zhome/21/8/223277> was used as the home directory.
</zhome/21/8/223277/Desktop/PYHPC> was used as the working directory.
Started at Wed Apr 15 10:57:38 2026
Terminated at Wed Apr 15 11:32:39 2026
Results reported at Wed Apr 15 11:32:39 2026

Your job looked like:

------------------------------------------------------------
# LSBATCH: User input
#!/bin/bash
#BSUB -J dynamic
#BSUB -q hpc
#BSUB -W 120
#BSUB -o output/task6/timing_%J.out
#BSUB -e output/task6/timing_%J.err
#BSUB -n 16
#BSUB -R "span[hosts=1]"
#BSUB -R "rusage[mem=4096MB]"
#BSUB -R "select[model==XeonGold6226R]"

#Initialize python env
source /dtu/projects/02613_2025/conda/conda_init.sh
conda activate 02613_2026

#Run script
python -u Task6/6_dynamic_scheduling.py

------------------------------------------------------------

Successfully completed.

Resource usage summary:

    CPU time :                                   18792.21 sec.
    Max Memory :                                 1609 MB
    Average Memory :                             1103.33 MB
    Total Requested Memory :                     65536.00 MB
    Delta Memory :                               63927.00 MB
    Max Swap :                                   -
    Max Processes :                              20
    Max Threads :                                24
    Run time :                                   2101 sec.
    Turnaround time :                            2102 sec.

The output (if any) is above this job summary.



PS:

Read file <output/task6/timing_28215023.err> for stderr output of this job.

