multiprocessing.pool.RemoteTraceback: 
"""
Traceback (most recent call last):
  File "/dtu/projects/02613_2025/conda/miniconda3/envs/02613_2026/lib/python3.12/multiprocessing/pool.py", line 125, in worker
    result = (True, func(*args, **kwds))
                    ^^^^^^^^^^^^^^^^^^^
  File "/zhome/b6/8/228751/py_hpc/mini_project/PYHPC/Task7/7_jit_cpu.py", line 101, in process_single
    u = jacobi(u0, interior_mask, MAX_ITER, ABS_TOL)
        ^^^^^^^^^^^^^^^^^^^^^^^^^^^^^^^^^^^^^^^^^^^^
  File "/dtu/projects/02613_2025/conda/miniconda3/envs/02613_2026/lib/python3.12/site-packages/numba/np/arrayobj.py", line 1519, in numpy_broadcast_shapes_list
    raise ValueError("shape mismatch: objects"
ValueError: shape mismatch: objects cannot be broadcast to a single shape
"""

The above exception was the direct cause of the following exception:

Traceback (most recent call last):
  File "/zhome/b6/8/228751/py_hpc/mini_project/PYHPC/Task7/7_jit_cpu.py", line 132, in <module>
    all_u = list(parallel_results)
            ^^^^^^^^^^^^^^^^^^^^^^
  File "/dtu/projects/02613_2025/conda/miniconda3/envs/02613_2026/lib/python3.12/multiprocessing/pool.py", line 873, in next
    raise value
ValueError: shape mismatch: objects cannot be broadcast to a single shape
multiprocessing.pool.RemoteTraceback: 
"""
Traceback (most recent call last):
  File "/dtu/projects/02613_2025/conda/miniconda3/envs/02613_2026/lib/python3.12/multiprocessing/pool.py", line 125, in worker
    result = (True, func(*args, **kwds))
                    ^^^^^^^^^^^^^^^^^^^
  File "/zhome/b6/8/228751/py_hpc/mini_project/PYHPC/Task7/7_jit_cpu.py", line 101, in process_single
    u = jacobi(u0, interior_mask, MAX_ITER, ABS_TOL)
        ^^^^^^^^^^^^^^^^^^^^^^^^^^^^^^^^^^^^^^^^^^^^
  File "/dtu/projects/02613_2025/conda/miniconda3/envs/02613_2026/lib/python3.12/site-packages/numba/np/arrayobj.py", line 1519, in numpy_broadcast_shapes_list
    raise ValueError("shape mismatch: objects"
ValueError: shape mismatch: objects cannot be broadcast to a single shape
"""

The above exception was the direct cause of the following exception:

Traceback (most recent call last):
  File "/zhome/b6/8/228751/py_hpc/mini_project/PYHPC/Task7/7_jit_cpu.py", line 132, in <module>
    all_u = list(parallel_results)
            ^^^^^^^^^^^^^^^^^^^^^^
  File "/dtu/projects/02613_2025/conda/miniconda3/envs/02613_2026/lib/python3.12/multiprocessing/pool.py", line 873, in next
    raise value
ValueError: shape mismatch: objects cannot be broadcast to a single shape
