No GPU on this node, CUDA module not loaded
Starting chunk size benchmark on 16 workers...
Starting chunk size benchmark on 16 workers...

------------------------------------------------------------
Sender: LSF System <lsfadmin@hpc.dtu.dk>
Subject: Job 28215497: <jit_cpu> in cluster <dcc> Exited

Job <jit_cpu> was submitted from host <n-62-30-2> by user <s257640> in cluster <dcc> at Wed Apr 15 11:36:33 2026
Job was executed on host(s) <16*n-62-11-58>, in queue <hpc>, as user <s257640> in cluster <dcc> at Wed Apr 15 11:36:35 2026
</zhome/b6/8/228751> was used as the home directory.
</zhome/b6/8/228751/py_hpc/mini_project/PYHPC/Task7> was used as the working directory.
Started at Wed Apr 15 11:36:35 2026
Terminated at Wed Apr 15 11:36:40 2026
Results reported at Wed Apr 15 11:36:40 2026

Your job looked like:

------------------------------------------------------------
# LSBATCH: User input
#!/bin/bash
#BSUB -J jit_cpu
#BSUB -q hpc
#BSUB -W 120
#BSUB -o output/jit_cpu_%J.out
#BSUB -e output/jit_cpu_%J.err
#BSUB -n 16
#BSUB -R "span[hosts=1]"
#BSUB -R "rusage[mem=4096MB]"
#BSUB -R "select[model==XeonGold6226R]"

#Initialize python env
source /dtu/projects/02613_2025/conda/conda_init.sh
conda activate 02613_2026

#Run script
python -u 7_jit_cpu.py 1
python -u 7_jit_cpu.py 2
------------------------------------------------------------

Exited with exit code 1.

Resource usage summary:

    CPU time :                                   12.91 sec.
    Max Memory :                                 -
    Average Memory :                             -
    Total Requested Memory :                     65536.00 MB
    Delta Memory :                               -
    Max Swap :                                   -
    Max Processes :                              -
    Max Threads :                                -
    Run time :                                   5 sec.
    Turnaround time :                            7 sec.

The output (if any) is above this job summary.



PS:

Read file <output/jit_cpu_28215497.err> for stderr output of this job.

