Process ForkPoolWorker-11:
Process ForkPoolWorker-5:
Process ForkPoolWorker-10:
Process ForkPoolWorker-8:
Process ForkPoolWorker-1:
Process ForkPoolWorker-7:
Process ForkPoolWorker-2:
Process ForkPoolWorker-13:
Process ForkPoolWorker-15:
Process ForkPoolWorker-14:
Process ForkPoolWorker-6:
Process ForkPoolWorker-16:
Process ForkPoolWorker-12:
Process ForkPoolWorker-9:
Process ForkPoolWorker-4:
Process ForkPoolWorker-3:
Traceback (most recent call last):
Traceback (most recent call last):
Traceback (most recent call last):
Traceback (most recent call last):
Traceback (most recent call last):
Traceback (most recent call last):
Traceback (most recent call last):
Traceback (most recent call last):
Traceback (most recent call last):
Traceback (most recent call last):
Traceback (most recent call last):
Traceback (most recent call last):
Traceback (most recent call last):
Traceback (most recent call last):
Traceback (most recent call last):
  File "/dtu/projects/02613_2025/conda/miniconda3/envs/02613_2026/lib/python3.12/multiprocessing/pool.py", line 856, in next
    item = self._items.popleft()
           ^^^^^^^^^^^^^^^^^^^^^
IndexError: pop from an empty deque

During handling of the above exception, another exception occurred:

Traceback (most recent call last):
  File "/dtu/projects/02613_2025/conda/miniconda3/envs/02613_2026/lib/python3.12/threading.py", line 355, in wait
    waiter.acquire()
KeyboardInterrupt

During handling of the above exception, another exception occurred:

Traceback (most recent call last):
  File "/dtu/projects/02613_2025/conda/miniconda3/envs/02613_2026/lib/python3.12/multiprocessing/pool.py", line 861, in next
    self._cond.wait(timeout)
  File "/dtu/projects/02613_2025/conda/miniconda3/envs/02613_2026/lib/python3.12/threading.py", line 364, in wait
    self._acquire_restore(saved_state)
  File "/dtu/projects/02613_2025/conda/miniconda3/envs/02613_2026/lib/python3.12/threading.py", line 311, in _acquire_restore
    def _acquire_restore(self, x):

KeyboardInterrupt

During handling of the above exception, another exception occurred:

Traceback (most recent call last):
  File "/zhome/b6/8/228751/py_hpc/mini_project/PYHPC/Task7/7_jit_cpu.py", line 158, in <module>
    all_u = list(parallel_results)
            ^^^^^^^^^^^^^^^^^^^^^^
  File "/dtu/projects/02613_2025/conda/miniconda3/envs/02613_2026/lib/python3.12/multiprocessing/pool.py", line 854, in next
    with self._cond:
         ^^^^^^^^^^
  File "/dtu/projects/02613_2025/conda/miniconda3/envs/02613_2026/lib/python3.12/threading.py", line 303, in __exit__
    return self._lock.__exit__(*args)
           ^^^^^^^^^^^^^^^^^^^^^^^^^^
RuntimeError: release unlocked lock
