Traceback (most recent call last):
  File "/zhome/b6/8/228751/py_hpc/mini_project/PYHPC/Task7/7_jit_cpu.py", line 103, in <module>
    jacobi(dummy_u, dummy_mask, 1, 1e-4)
  File "/dtu/projects/02613_2025/conda/miniconda3/envs/02613_2026/lib/python3.12/site-packages/numba/core/dispatcher.py", line 424, in _compile_for_args
    error_rewrite(e, 'typing')
  File "/dtu/projects/02613_2025/conda/miniconda3/envs/02613_2026/lib/python3.12/site-packages/numba/core/dispatcher.py", line 365, in error_rewrite
    raise e.with_traceback(None)
numba.core.errors.TypingError: Failed in nopython mode pipeline (step: nopython frontend)
No implementation of function Function(<built-in function getitem>) found for signature:
 
 >>> getitem(array(float64, 2d, C), Tuple(int64, bool))
 
There are 22 candidate implementations:
 - Of which 20 did not match due to:
 Overload of function 'getitem': File: <numerous>: Line N/A.
   With argument(s): '(array(float64, 2d, C), Tuple(int64, bool))':
  No match.
 - Of which 2 did not match due to:
 Overload in function 'GetItemBuffer.generic': File: numba/core/typing/arraydecl.py: Line 211.
   With argument(s): '(array(float64, 2d, C), Tuple(int64, bool))':
  Rejected as the implementation raised a specific error:
    NumbaTypeError: Unsupported array index type bool in Tuple(int64, bool)
  raised from /dtu/projects/02613_2025/conda/miniconda3/envs/02613_2026/lib/python3.12/site-packages/numba/core/typing/arraydecl.py:104

During: typing of intrinsic-call at /zhome/b6/8/228751/py_hpc/mini_project/PYHPC/Task7/7_jit_cpu.py (66)

File "7_jit_cpu.py", line 66:
def jacobi(u, interior_mask, max_iter, atol=1e-6):
    <source elided>
            col = cols[i]
            u_new_val = 0.25*(u[row-1, col]+u[row+1, col]+u[row, col+1]+u[row, col-1])
            ^

During: Pass nopython_type_inference
