No GPU on this node, CUDA module not loaded
Starting chunk size benchmark on 16 workers...
Finished evaluating chunksize=1!
Plot successfully saved to output/speedup_plotnew.png!

------------------------------------------------------------
Sender: LSF System <lsfadmin@hpc.dtu.dk>
Subject: Job 28218119: <jit_cpu> in cluster <dcc> Done

Job <jit_cpu> was submitted from host <n-62-30-2> by user <s257640> in cluster <dcc> at Wed Apr 15 14:15:48 2026
Job was executed on host(s) <16*n-62-11-50>, in queue <hpc>, as user <s257640> in cluster <dcc> at Wed Apr 15 14:15:50 2026
</zhome/b6/8/228751> was used as the home directory.
</zhome/b6/8/228751/py_hpc/mini_project/PYHPC/Task7> was used as the working directory.
Started at Wed Apr 15 14:15:50 2026
Terminated at Wed Apr 15 14:17:13 2026
Results reported at Wed Apr 15 14:17:13 2026

Your job looked like:

------------------------------------------------------------
# LSBATCH: User input
#!/bin/bash
#BSUB -J jit_cpu
#BSUB -q hpc
#BSUB -W 120
#BSUB -o output/jit_cpu_%J.out
#BSUB -e output/jit_cpu_%J.err
#BSUB -n 16
#BSUB -R "span[hosts=1]"
#BSUB -R "rusage[mem=4096MB]"
#BSUB -R "select[model==XeonGold6226R]"

#Initialize python env
source /dtu/projects/02613_2025/conda/conda_init.sh
conda activate 02613_2026

#Run script
python -u 7_jit_cpu.py new
------------------------------------------------------------

Successfully completed.

Resource usage summary:

    CPU time :                                   1087.78 sec.
    Max Memory :                                 1521 MB
    Average Memory :                             1494.00 MB
    Total Requested Memory :                     65536.00 MB
    Delta Memory :                               64015.00 MB
    Max Swap :                                   -
    Max Processes :                              21
    Max Threads :                                25
    Run time :                                   83 sec.
    Turnaround time :                            85 sec.

The output (if any) is above this job summary.



PS:

Read file <output/jit_cpu_28218119.err> for stderr output of this job.

