multiprocessing.pool.RemoteTraceback: 
"""
Traceback (most recent call last):
  File "/dtu/projects/02613_2025/conda/miniconda3/envs/02613_2026/lib/python3.12/multiprocessing/pool.py", line 125, in worker
    result = (True, func(*args, **kwds))
                    ^^^^^^^^^^^^^^^^^^^
  File "/zhome/b6/8/228751/py_hpc/mini_project/PYHPC/Task7/7_jit_cpu.py", line 49, in process_single
    u = jacobi(u0, interior_mask, MAX_ITER, ABS_TOL)
        ^^^^^^^^^^^^^^^^^^^^^^^^^^^^^^^^^^^^^^^^^^^^
  File "/dtu/projects/02613_2025/conda/miniconda3/envs/02613_2026/lib/python3.12/site-packages/numba/core/dispatcher.py", line 424, in _compile_for_args
    error_rewrite(e, 'typing')
  File "/dtu/projects/02613_2025/conda/miniconda3/envs/02613_2026/lib/python3.12/site-packages/numba/core/dispatcher.py", line 365, in error_rewrite
    raise e.with_traceback(None)
numba.core.errors.TypingError: Failed in nopython mode pipeline (step: nopython frontend)
No implementation of function Function(<built-in function getitem>) found for signature:
 
 >>> getitem(array(float64, 2d, C), array(bool, 2d, C))
 
There are 22 candidate implementations:
 - Of which 20 did not match due to:
 Overload of function 'getitem': File: <numerous>: Line N/A.
   With argument(s): '(array(float64, 2d, C), array(bool, 2d, C))':
  No match.
 - Of which 2 did not match due to:
 Overload in function 'GetItemBuffer.generic': File: numba/core/typing/arraydecl.py: Line 211.
   With argument(s): '(array(float64, 2d, C), array(bool, 2d, C))':
  Rejected as the implementation raised a specific error:
    NumbaTypeError: Multi-dimensional indices are not supported.
  raised from /dtu/projects/02613_2025/conda/miniconda3/envs/02613_2026/lib/python3.12/site-packages/numba/core/typing/arraydecl.py:91

During: typing of intrinsic-call at /zhome/b6/8/228751/py_hpc/mini_project/PYHPC/Task7/7_jit_cpu.py (23)

File "7_jit_cpu.py", line 23:
def jacobi(u, interior_mask, max_iter, atol=1e-6):
    <source elided>
        u_new = 0.25 * (u[1:-1, :-2] + u[1:-1, 2:] + u[:-2, 1:-1] + u[2:, 1:-1])
        u_new_interior = u_new[interior_mask]
        ^

During: Pass nopython_type_inference
"""

The above exception was the direct cause of the following exception:

Traceback (most recent call last):
  File "/zhome/b6/8/228751/py_hpc/mini_project/PYHPC/Task7/7_jit_cpu.py", line 80, in <module>
    all_u = list(parallel_results)
            ^^^^^^^^^^^^^^^^^^^^^^
  File "/dtu/projects/02613_2025/conda/miniconda3/envs/02613_2026/lib/python3.12/multiprocessing/pool.py", line 873, in next
    raise value
numba.core.errors.TypingError: Failed in nopython mode pipeline (step: nopython frontend)
No implementation of function Function(<built-in function getitem>) found for signature:
 
 >>> getitem(array(float64, 2d, C), array(bool, 2d, C))
 
There are 22 candidate implementations:
 - Of which 20 did not match due to:
 Overload of function 'getitem': File: <numerous>: Line N/A.
   With argument(s): '(array(float64, 2d, C), array(bool, 2d, C))':
  No match.
 - Of which 2 did not match due to:
 Overload in function 'GetItemBuffer.generic': File: numba/core/typing/arraydecl.py: Line 211.
   With argument(s): '(array(float64, 2d, C), array(bool, 2d, C))':
  Rejected as the implementation raised a specific error:
    NumbaTypeError: Multi-dimensional indices are not supported.
  raised from /dtu/projects/02613_2025/conda/miniconda3/envs/02613_2026/lib/python3.12/site-packages/numba/core/typing/arraydecl.py:91

During: typing of intrinsic-call at /zhome/b6/8/228751/py_hpc/mini_project/PYHPC/Task7/7_jit_cpu.py (23)

File "7_jit_cpu.py", line 23:
def jacobi(u, interior_mask, max_iter, atol=1e-6):
    <source elided>
        u_new = 0.25 * (u[1:-1, :-2] + u[1:-1, 2:] + u[:-2, 1:-1] + u[2:, 1:-1])
        u_new_interior = u_new[interior_mask]
        ^

During: Pass nopython_type_inference
multiprocessing.pool.RemoteTraceback: 
"""
Traceback (most recent call last):
  File "/dtu/projects/02613_2025/conda/miniconda3/envs/02613_2026/lib/python3.12/multiprocessing/pool.py", line 125, in worker
    result = (True, func(*args, **kwds))
                    ^^^^^^^^^^^^^^^^^^^
  File "/zhome/b6/8/228751/py_hpc/mini_project/PYHPC/Task7/7_jit_cpu.py", line 49, in process_single
    u = jacobi(u0, interior_mask, MAX_ITER, ABS_TOL)
        ^^^^^^^^^^^^^^^^^^^^^^^^^^^^^^^^^^^^^^^^^^^^
  File "/dtu/projects/02613_2025/conda/miniconda3/envs/02613_2026/lib/python3.12/site-packages/numba/core/dispatcher.py", line 424, in _compile_for_args
    error_rewrite(e, 'typing')
  File "/dtu/projects/02613_2025/conda/miniconda3/envs/02613_2026/lib/python3.12/site-packages/numba/core/dispatcher.py", line 365, in error_rewrite
    raise e.with_traceback(None)
numba.core.errors.TypingError: Failed in nopython mode pipeline (step: nopython frontend)
No implementation of function Function(<built-in function getitem>) found for signature:
 
 >>> getitem(array(float64, 2d, C), array(bool, 2d, C))
 
There are 22 candidate implementations:
 - Of which 20 did not match due to:
 Overload of function 'getitem': File: <numerous>: Line N/A.
   With argument(s): '(array(float64, 2d, C), array(bool, 2d, C))':
  No match.
 - Of which 2 did not match due to:
 Overload in function 'GetItemBuffer.generic': File: numba/core/typing/arraydecl.py: Line 211.
   With argument(s): '(array(float64, 2d, C), array(bool, 2d, C))':
  Rejected as the implementation raised a specific error:
    NumbaTypeError: Multi-dimensional indices are not supported.
  raised from /dtu/projects/02613_2025/conda/miniconda3/envs/02613_2026/lib/python3.12/site-packages/numba/core/typing/arraydecl.py:91

During: typing of intrinsic-call at /zhome/b6/8/228751/py_hpc/mini_project/PYHPC/Task7/7_jit_cpu.py (23)

File "7_jit_cpu.py", line 23:
def jacobi(u, interior_mask, max_iter, atol=1e-6):
    <source elided>
        u_new = 0.25 * (u[1:-1, :-2] + u[1:-1, 2:] + u[:-2, 1:-1] + u[2:, 1:-1])
        u_new_interior = u_new[interior_mask]
        ^

During: Pass nopython_type_inference
"""

The above exception was the direct cause of the following exception:

Traceback (most recent call last):
  File "/zhome/b6/8/228751/py_hpc/mini_project/PYHPC/Task7/7_jit_cpu.py", line 80, in <module>
    all_u = list(parallel_results)
            ^^^^^^^^^^^^^^^^^^^^^^
  File "/dtu/projects/02613_2025/conda/miniconda3/envs/02613_2026/lib/python3.12/multiprocessing/pool.py", line 873, in next
    raise value
numba.core.errors.TypingError: Failed in nopython mode pipeline (step: nopython frontend)
No implementation of function Function(<built-in function getitem>) found for signature:
 
 >>> getitem(array(float64, 2d, C), array(bool, 2d, C))
 
There are 22 candidate implementations:
 - Of which 20 did not match due to:
 Overload of function 'getitem': File: <numerous>: Line N/A.
   With argument(s): '(array(float64, 2d, C), array(bool, 2d, C))':
  No match.
 - Of which 2 did not match due to:
 Overload in function 'GetItemBuffer.generic': File: numba/core/typing/arraydecl.py: Line 211.
   With argument(s): '(array(float64, 2d, C), array(bool, 2d, C))':
  Rejected as the implementation raised a specific error:
    NumbaTypeError: Multi-dimensional indices are not supported.
  raised from /dtu/projects/02613_2025/conda/miniconda3/envs/02613_2026/lib/python3.12/site-packages/numba/core/typing/arraydecl.py:91

During: typing of intrinsic-call at /zhome/b6/8/228751/py_hpc/mini_project/PYHPC/Task7/7_jit_cpu.py (23)

File "7_jit_cpu.py", line 23:
def jacobi(u, interior_mask, max_iter, atol=1e-6):
    <source elided>
        u_new = 0.25 * (u[1:-1, :-2] + u[1:-1, 2:] + u[:-2, 1:-1] + u[2:, 1:-1])
        u_new_interior = u_new[interior_mask]
        ^

During: Pass nopython_type_inference
