No GPU on this node, CUDA module not loaded
Starting chunk size benchmark on 16 workers...
Finished evaluating chunksize=1!
Starting chunk size benchmark on 16 workers...

------------------------------------------------------------
Sender: LSF System <lsfadmin@hpc.dtu.dk>
Subject: Job 28220242: <jit_cpu_1> in cluster <dcc> Exited

Job <jit_cpu_1> was submitted from host <n-62-27-21> by user <s257640> in cluster <dcc> at Wed Apr 15 22:39:05 2026
Job was executed on host(s) <16*n-62-11-53>, in queue <hpc>, as user <s257640> in cluster <dcc> at Wed Apr 15 22:39:07 2026
</zhome/b6/8/228751> was used as the home directory.
</zhome/b6/8/228751/py_hpc/mini_project/PYHPC/Task7> was used as the working directory.
Started at Wed Apr 15 22:39:07 2026
Terminated at Thu Apr 16 00:39:21 2026
Results reported at Thu Apr 16 00:39:21 2026

Your job looked like:

------------------------------------------------------------
# LSBATCH: User input
#!/bin/bash
#BSUB -J jit_cpu_1
#BSUB -q hpc
#BSUB -W 120
#BSUB -o output/jit_cpu_%J.out
#BSUB -e output/jit_cpu_%J.err
#BSUB -n 16
#BSUB -R "span[hosts=1]"
#BSUB -R "rusage[mem=4096MB]"
#BSUB -R "select[model==XeonGold6226R]"

#Initialize python env
source /dtu/projects/02613_2025/conda/conda_init.sh
conda activate 02613_2026

#Run script
python -u 7_jit_cpu.py _JIT_timing
python -u 7_no_jit.py _no_JIT_timing
# python -m cProfile -s cumulative 7_jit_cpu.py _mem_opt
# kernprof -l 7_jit_cpu.py profiling
# python -m line_profiler -rmt "7_jit_cpu.py.lprof"
------------------------------------------------------------

TERM_RUNLIMIT: job killed after reaching LSF run time limit.
Exited with exit code 140.

Resource usage summary:

    CPU time :                                   97496.00 sec.
    Max Memory :                                 638 MB
    Average Memory :                             516.44 MB
    Total Requested Memory :                     65536.00 MB
    Delta Memory :                               64898.00 MB
    Max Swap :                                   -
    Max Processes :                              20
    Max Threads :                                24
    Run time :                                   7214 sec.
    Turnaround time :                            7216 sec.

The output (if any) is above this job summary.



PS:

Read file <output/jit_cpu_28220242.err> for stderr output of this job.

